Start testing: Dec 08 11:30 CET
----------------------------------------------------------
1/3 Testing: UnitaryTest.EquationTest
1/3 Test: UnitaryTest.EquationTest
Command: "/home/chps/CHPS21-22/POOCS/POO_TD2-3-4/TD3/build/Test" "--gtest_filter=UnitaryTest.EquationTest" "--gtest_also_run_disabled_tests"
Directory: /home/chps/CHPS21-22/POOCS/POO_TD2-3-4/TD3/build
"UnitaryTest.EquationTest" start time: Dec 08 11:30 CET
Output:
----------------------------------------------------------
Running main() from gtest_main.cc
Note: Google Test filter = UnitaryTest.EquationTest
[==========] Running 1 test from 1 test case.
[----------] Global test environment set-up.
[----------] 1 test from UnitaryTest
[ RUN      ] UnitaryTest.EquationTest
[       OK ] UnitaryTest.EquationTest (0 ms)
[----------] 1 test from UnitaryTest (0 ms total)

[----------] Global test environment tear-down
[==========] 1 test from 1 test case ran. (0 ms total)
[  PASSED  ] 1 test.
<end of output>
Test time =   0.00 sec
----------------------------------------------------------
Test Passed.
"UnitaryTest.EquationTest" end time: Dec 08 11:30 CET
"UnitaryTest.EquationTest" time elapsed: 00:00:00
----------------------------------------------------------

2/3 Testing: UnitaryTest.ProblemTest
2/3 Test: UnitaryTest.ProblemTest
Command: "/home/chps/CHPS21-22/POOCS/POO_TD2-3-4/TD3/build/Test" "--gtest_filter=UnitaryTest.ProblemTest" "--gtest_also_run_disabled_tests"
Directory: /home/chps/CHPS21-22/POOCS/POO_TD2-3-4/TD3/build
"UnitaryTest.ProblemTest" start time: Dec 08 11:30 CET
Output:
----------------------------------------------------------
Running main() from gtest_main.cc
Note: Google Test filter = UnitaryTest.ProblemTest
[==========] Running 1 test from 1 test case.
[----------] Global test environment set-up.
[----------] 1 test from UnitaryTest
[ RUN      ] UnitaryTest.ProblemTest
compute equation at time : 0
compute equation at time : 1
compute equation at time : 2
compute equation at time : 3
compute equation at time : 4
[       OK ] UnitaryTest.ProblemTest (0 ms)
[----------] 1 test from UnitaryTest (0 ms total)

[----------] Global test environment tear-down
[==========] 1 test from 1 test case ran. (0 ms total)
[  PASSED  ] 1 test.
<end of output>
Test time =   0.00 sec
----------------------------------------------------------
Test Passed.
"UnitaryTest.ProblemTest" end time: Dec 08 11:30 CET
"UnitaryTest.ProblemTest" time elapsed: 00:00:00
----------------------------------------------------------

3/3 Testing: test
3/3 Test: test
Command: "/home/chps/CHPS21-22/POOCS/POO_TD2-3-4/TD3/build/solve_Problem" "[5" "5]"
Directory: /home/chps/CHPS21-22/POOCS/POO_TD2-3-4/TD3/build
"test" start time: Dec 08 11:30 CET
Output:
----------------------------------------------------------
compute equation at time : 0
compute equation at time : 1
compute equation at time : 2
compute equation at time : 3
compute equation at time : 4
<end of output>
Test time =   0.00 sec
----------------------------------------------------------
Test Passed.
"test" end time: Dec 08 11:30 CET
"test" time elapsed: 00:00:00
----------------------------------------------------------

End testing: Dec 08 11:30 CET
